10 178952036 0 0 C
10 178952037 1 0 T
10 178952038 2 0 G
10 178952039 3 0 A
10 178952040 4 0 G
10 178952041 5 0 C
10 178952042 6 0 A
10 178952043 7 0 A
10 178952044 8 0 G
10 178952045 9 0 A
10 178952046 10 0 G
10 178952047 11 2 D
10 178952048 12 2 D
10 178952049 13 2 D
10 178952050 13 2 T
10 178952051 14 0 T
10 178952052 15 0 G
10 178952053 16 0 G
10 178952054 17 0 A
10 178952055 18 0 G
10 178952056 19 0 T
10 178952057 20 0 A
10 178952058 21 0 T
10 178952059 22 0 T
10 178952060 23 0 T
10 178952061 24 0 C
10 178952062 25 0 A
10 178952063 26 0 T
10 178952064 27 0 G
10 178952065 28 0 A
10 178952066 29 0 A
10 178952067 30 0 A
10 178952068 31 0 C
10 178952069 32 0 A
10 178952070 33 0 A
10 178952071 34 0 A
10 178952072 35 0 T
10 178952073 36 0 G
10 178952074 37 0 A
10 178952075 38 0 A
10 178952076 39 0 T
10 178952077 40 0 G
10 178952078 41 0 A
10 178952079 42 0 T
10 178952080 43 0 G
10 178952081 44 0 C
10 178952082 45 0 A
10 178952083 46 0 C
10 178952084 47 0 A
10 178952085 48 0 T
10 178952086 49 0 C
10 178952087 50 0 A
10 178952088 51 0 T
10 178952089 52 0 G
10 178952090 53 0 G
10 178952091 54 0 T
10 178952092 55 0 G
10 178952093 56 0 G
10 178952094 57 0 C
10 178952095 58 0 T
10 178952096 59 0 G
10 178952097 60 0 G
10 178952098 61 0 A
10 178952099 62 0 C
10 178952100 63 0 A
10 178952101 64 0 A
10 178952102 65 0 C
10 178952103 66 0 A
10 178952104 67 0 A
10 178952105 68 0 A
10 178952106 69 0 A
10 178952107 70 0 A
10 178952108 71 0 T
10 178952109 72 0 G
10 178952110 73 0 G
10 178952111 74 0 A
10 178952112 75 0 T
10 178952113 76 0 T
10 178952114 77 0 G
10 178952115 78 0 G
10 178952116 79 0 A
