10 178952036 0 0 C
10 178952037 1 0 T
10 178952038 2 0 G
10 178952039 3 0 A
10 178952040 4 0 G
10 178952041 5 0 C
10 178952042 6 0 A
10 178952043 7 0 A
10 178952044 8 0 G
10 178952045 9 0 A
10 178952046 10 0 G
10 178952047 11 0 G
10 178952048 12 0 C
10 178952049 13 0 T
10 178952050 14 0 T
10 178952051 15 0 T
10 178952052 16 0 G
10 178952053 17 0 G
10 178952054 18 0 A
10 178952055 19 0 G
10 178952056 20 0 T
10 178952057 21 0 A
10 178952058 22 0 T
10 178952059 23 0 T
10 178952060 24 0 T
10 178952061 25 0 C
10 178952062 26 0 A
10 178952063 27 0 T
10 178952064 28 0 G
10 178952065 29 0 A
10 178952066 30 0 A
10 178952067 31 0 A
10 178952068 32 0 C
10 178952069 33 0 A
10 178952070 34 0 A
10 178952071 35 0 A
10 178952072 36 0 T
10 178952073 37 0 G
10 178952074 38 0 A
10 178952075 39 0 A
10 178952076 40 0 T
10 178952077 41 0 G
10 178952078 42 0 A
10 178952079 43 0 T
10 178952080 44 0 G
10 178952081 45 0 C
10 178952082 46 0 A
10 178952083 47 0 C
10 178952084 48 0 A
10 178952085 49 0 T
10 178952086 50 0 C
10 178952087 51 0 A
10 178952088 52 0 T
10 178952089 53 0 G
10 178952090 54 0 G
10 178952091 55 0 T
10 178952092 56 0 G
10 178952093 57 0 G
10 178952094 58 0 C
10 178952095 59 0 T
10 178952096 60 0 G
10 178952097 61 0 G
10 178952098 62 0 A
10 178952099 63 0 C
10 178952100 64 2 D
10 178952101 64 2 A
10 178952102 65 0 C
10 178952103 66 0 A
10 178952104 67 0 A
10 178952105 68 0 A
10 178952106 69 0 A
10 178952107 70 0 A
10 178952108 71 0 T
10 178952109 72 0 G
10 178952110 73 0 G
10 178952111 74 0 A
10 178952112 75 0 T
10 178952113 76 0 T
10 178952114 77 0 G
10 178952115 78 0 G
10 178952116 79 0 A
