10 178952036 0 C
10 178952037 1 T
10 178952038 2 G
10 178952039 3 A
10 178952040 4 G
10 178952041 5 C
10 178952042 6 A
10 178952043 7 A
10 178952044 8 G
10 178952045 9 A
10 178952046 10 G
10 178952047 11 G
10 178952048 12 C
10 178952049 13 T
10 178952050 14 T
10 178952051 15 T
10 178952052 16 G
10 178952053 17 G
10 178952054 18 A
10 178952055 19 G
10 178952056 20 T
10 178952057 21 A
10 178952058 22 T
10 178952059 23 T
10 178952060 24 T
10 178952061 25 C
10 178952062 26 A
10 178952063 27 T
10 178952064 28 G
10 178952065 29 A
10 178952066 30 A
10 178952067 31 A
10 178952068 32 C
10 178952069 33 A
10 178952070 34 A
10 178952071 35 A
10 178952072 36 T
10 178952073 37 G
10 178952074 38 A
10 178952075 39 A
10 178952076 40 T
10 178952077 41 G
10 178952078 42 A
10 178952079 43 T
10 178952080 44 G
10 178952081 45 C
10 178952082 46 A
10 178952083 47 C
10 178952084 48 A
10 178952085 49 T
10 178952086 50 C
10 178952087 51 A
10 178952088 52 T
10 178952089 53 G
10 178952090 54 G
10 178952091 55 T
10 178952092 56 G
10 178952093 57 G
10 178952094 58 C
10 178952095 59 T
10 178952096 60 G
10 178952097 61 G
10 178952098 62 A
10 178952099 63 C
10 178952100 64 A
10 178952101 65 A
10 178952102 66 C
10 178952103 67 A
10 178952104 68 A
10 178952105 69 A
10 178952106 70 A
10 178952107 71 A
10 178952108 72 T
10 178952109 73 G
10 178952110 74 G
10 178952111 75 A
10 178952112 76 T
10 178952113 77 T
10 178952114 78 G
10 178952115 79 G
10 178952116 80 A
