10 178952036 0 0 C
10 178952037 1 0 T
10 178952038 2 0 G
10 178952039 3 0 A
10 178952040 4 0 G
10 178952041 5 0 C
10 178952042 6 0 A
10 178952043 7 0 A
10 178952044 8 0 G
10 178952045 9 0 A
10 178952046 10 0 G
10 178952047 11 0 G
10 178952048 12 0 C
10 178952049 13 0 T
10 178952050 14 0 T
10 178952051 15 0 T
10 178952052 16 0 G
10 178952053 17 0 G
10 178952054 18 0 A
10 178952055 19 1 I
10 178952055 20 0 G
10 178952056 21 0 T
10 178952057 22 0 A
10 178952058 23 0 T
10 178952059 24 0 T
10 178952060 25 0 T
10 178952061 26 0 C
10 178952062 27 0 A
10 178952063 28 0 T
10 178952064 29 0 G
10 178952065 30 0 A
10 178952066 31 0 A
10 178952067 32 0 A
10 178952068 33 0 C
10 178952069 34 0 A
10 178952070 35 0 A
10 178952071 36 0 A
10 178952072 37 0 T
10 178952073 38 0 G
10 178952074 39 0 A
10 178952075 40 0 A
10 178952076 41 0 T
10 178952077 42 0 G
10 178952078 43 0 A
10 178952079 44 0 T
10 178952080 45 0 G
10 178952081 46 0 C
10 178952082 47 0 A
10 178952083 48 0 C
10 178952084 49 0 A
10 178952085 50 0 T
10 178952086 51 0 C
10 178952087 52 0 A
10 178952088 53 0 T
10 178952089 54 0 G
10 178952090 55 0 G
10 178952091 56 0 T
10 178952092 57 0 G
10 178952093 58 0 G
10 178952094 59 0 C
10 178952095 60 0 T
10 178952096 61 0 G
10 178952097 62 0 G
10 178952098 63 0 A
10 178952099 64 0 C
10 178952100 65 0 A
10 178952101 66 0 A
10 178952102 67 0 C
10 178952103 68 0 A
10 178952104 69 0 A
10 178952105 70 0 A
10 178952106 71 0 A
10 178952107 72 0 A
10 178952108 73 0 T
10 178952109 74 0 G
10 178952110 75 0 G
10 178952111 76 0 A
10 178952112 77 0 T
10 178952113 78 0 T
10 178952114 79 0 G
10 178952115 80 0 G
10 178952116 81 0 A
