10 178952036 0 0 C	10 178952036 0 0 C	10 178952036 0 0 C	10 178952036 0 C
10 178952037 1 0 T	10 178952037 1 0 T	10 178952037 1 0 T	10 178952037 1 T
10 178952038 2 0 G	10 178952038 2 0 G	10 178952038 2 0 G	10 178952038 2 G
10 178952039 3 0 A	10 178952039 3 0 A	10 178952039 3 0 A	10 178952039 3 A
10 178952040 4 0 G	10 178952040 4 0 G	10 178952040 4 0 G	10 178952040 4 G
10 178952041 5 0 C	10 178952041 5 0 C	10 178952041 5 0 C	10 178952041 5 C
10 178952042 6 0 A	10 178952042 6 0 A	10 178952042 6 0 A	10 178952042 6 A
10 178952043 7 0 A	10 178952043 7 0 A	10 178952043 7 0 A	10 178952043 7 A
10 178952044 8 0 G	10 178952044 8 0 G	10 178952044 8 0 G	10 178952044 8 G
10 178952045 9 0 A	10 178952045 9 0 A	10 178952045 9 0 A	10 178952045 9 A
10 178952046 10 0 G	10 178952046 10 0 G	10 178952046 10 0 G	10 178952046 10 G
10 178952047 11 0 G	10 178952047 11 0 G	10 178952047 11 2 D	10 178952047 11 G
10 178952048 12 0 C	10 178952048 12 0 C	10 178952048 12 2 D	10 178952048 12 C
10 178952049 13 0 T	10 178952049 13 0 T	10 178952049 13 2 D	10 178952049 13 T
10 178952050 14 0 T	10 178952050 14 0 T	10 178952050 13 2 T	10 178952050 14 T
10 178952051 15 0 T	10 178952051 15 0 T	10 178952051 14 0 T	10 178952051 15 T
10 178952052 16 0 G	10 178952052 16 0 G	10 178952052 15 0 G	10 178952052 16 G
10 178952053 17 0 G	10 178952053 17 0 G	10 178952053 16 0 G	10 178952053 17 G
10 178952054 18 0 A	10 178952054 18 0 A	10 178952054 17 0 A	10 178952054 18 A
10 178952055 19 1 I	10 178952055 19 0 G	10 178952055 18 0 G	10 178952055 19 G
10 178952055 20 0 G	10 178952056 20 0 T	10 178952056 19 0 T	10 178952056 20 T
10 178952056 21 0 T	10 178952057 21 0 A	10 178952057 20 0 A	10 178952057 21 A
10 178952057 22 0 A	10 178952058 22 0 T	10 178952058 21 0 T	10 178952058 22 T
10 178952058 23 0 T	10 178952059 23 0 T	10 178952059 22 0 T	10 178952059 23 T
10 178952059 24 0 T	10 178952060 24 0 T	10 178952060 23 0 T	10 178952060 24 T
10 178952060 25 0 T	10 178952061 25 0 C	10 178952061 24 0 C	10 178952061 25 C
10 178952061 26 0 C	10 178952062 26 0 A	10 178952062 25 0 A	10 178952062 26 A
10 178952062 27 0 A	10 178952063 27 0 T	10 178952063 26 0 T	10 178952063 27 T
10 178952063 28 0 T	10 178952064 28 0 G	10 178952064 27 0 G	10 178952064 28 G
10 178952064 29 0 G	10 178952065 29 0 A	10 178952065 28 0 A	10 178952065 29 A
10 178952065 30 0 A	10 178952066 30 0 A	10 178952066 29 0 A	10 178952066 30 A
10 178952066 31 0 A	10 178952067 31 0 A	10 178952067 30 0 A	10 178952067 31 A
10 178952067 32 0 A	10 178952068 32 0 C	10 178952068 31 0 C	10 178952068 32 C
10 178952068 33 0 C	10 178952069 33 0 A	10 178952069 32 0 A	10 178952069 33 A
10 178952069 34 0 A	10 178952070 34 0 A	10 178952070 33 0 A	10 178952070 34 A
10 178952070 35 0 A	10 178952071 35 0 A	10 178952071 34 0 A	10 178952071 35 A
10 178952071 36 0 A	10 178952072 36 0 T	10 178952072 35 0 T	10 178952072 36 T
10 178952072 37 0 T	10 178952073 37 0 G	10 178952073 36 0 G	10 178952073 37 G
10 178952073 38 0 G	10 178952074 38 0 A	10 178952074 37 0 A	10 178952074 38 A
10 178952074 39 0 A	10 178952075 39 0 A	10 178952075 38 0 A	10 178952075 39 A
10 178952075 40 0 A	10 178952076 40 0 T	10 178952076 39 0 T	10 178952076 40 T
10 178952076 41 0 T	10 178952077 41 0 G	10 178952077 40 0 G	10 178952077 41 G
10 178952077 42 0 G	10 178952078 42 0 A	10 178952078 41 0 A	10 178952078 42 A
10 178952078 43 0 A	10 178952079 43 0 T	10 178952079 42 0 T	10 178952079 43 T
10 178952079 44 0 T	10 178952080 44 0 G	10 178952080 43 0 G	10 178952080 44 G
10 178952080 45 0 G	10 178952081 45 0 C	10 178952081 44 0 C	10 178952081 45 C
10 178952081 46 0 C	10 178952082 46 0 A	10 178952082 45 0 A	10 178952082 46 A
10 178952082 47 0 A	10 178952083 47 0 C	10 178952083 46 0 C	10 178952083 47 C
10 178952083 48 0 C	10 178952084 48 0 A	10 178952084 47 0 A	10 178952084 48 A
10 178952084 49 0 A	10 178952085 49 0 T	10 178952085 48 0 T	10 178952085 49 T
10 178952085 50 0 T	10 178952086 50 0 C	10 178952086 49 0 C	10 178952086 50 C
10 178952086 51 0 C	10 178952087 51 0 A	10 178952087 50 0 A	10 178952087 51 A
10 178952087 52 0 A	10 178952088 52 0 T	10 178952088 51 0 T	10 178952088 52 T
10 178952088 53 0 T	10 178952089 53 0 G	10 178952089 52 0 G	10 178952089 53 G
10 178952089 54 0 G	10 178952090 54 0 G	10 178952090 53 0 G	10 178952090 54 G
10 178952090 55 0 G	10 178952091 55 0 T	10 178952091 54 0 T	10 178952091 55 T
10 178952091 56 0 T	10 178952092 56 0 G	10 178952092 55 0 G	10 178952092 56 G
10 178952092 57 0 G	10 178952093 57 0 G	10 178952093 56 0 G	10 178952093 57 G
10 178952093 58 0 G	10 178952094 58 0 C	10 178952094 57 0 C	10 178952094 58 C
10 178952094 59 0 C	10 178952095 59 0 T	10 178952095 58 0 T	10 178952095 59 T
10 178952095 60 0 T	10 178952096 60 0 G	10 178952096 59 0 G	10 178952096 60 G
10 178952096 61 0 G	10 178952097 61 0 G	10 178952097 60 0 G	10 178952097 61 G
10 178952097 62 0 G	10 178952098 62 0 A	10 178952098 61 0 A	10 178952098 62 A
10 178952098 63 0 A	10 178952099 63 0 C	10 178952099 62 0 C	10 178952099 63 C
10 178952099 64 0 C	10 178952100 64 2 D	10 178952100 63 0 A	10 178952100 64 A
10 178952100 65 0 A	10 178952101 64 2 A	10 178952101 64 0 A	10 178952101 65 A
10 178952101 66 0 A	10 178952102 65 0 C	10 178952102 65 0 C	10 178952102 66 C
10 178952102 67 0 C	10 178952103 66 0 A	10 178952103 66 0 A	10 178952103 67 A
10 178952103 68 0 A	10 178952104 67 0 A	10 178952104 67 0 A	10 178952104 68 A
10 178952104 69 0 A	10 178952105 68 0 A	10 178952105 68 0 A	10 178952105 69 A
10 178952105 70 0 A	10 178952106 69 0 A	10 178952106 69 0 A	10 178952106 70 A
10 178952106 71 0 A	10 178952107 70 0 A	10 178952107 70 0 A	10 178952107 71 A
10 178952107 72 0 A	10 178952108 71 0 T	10 178952108 71 0 T	10 178952108 72 T
10 178952108 73 0 T	10 178952109 72 0 G	10 178952109 72 0 G	10 178952109 73 G
10 178952109 74 0 G	10 178952110 73 0 G	10 178952110 73 0 G	10 178952110 74 G
10 178952110 75 0 G	10 178952111 74 0 A	10 178952111 74 0 A	10 178952111 75 A
10 178952111 76 0 A	10 178952112 75 0 T	10 178952112 75 0 T	10 178952112 76 T
10 178952112 77 0 T	10 178952113 76 0 T	10 178952113 76 0 T	10 178952113 77 T
10 178952113 78 0 T	10 178952114 77 0 G	10 178952114 77 0 G	10 178952114 78 G
10 178952114 79 0 G	10 178952115 78 0 G	10 178952115 78 0 G	10 178952115 79 G
10 178952115 80 0 G	10 178952116 79 0 A	10 178952116 79 0 A	10 178952116 80 A
10 178952116 81 0 A			
