2018-12-05 09:14:47 Starting UMI Error Correct

real	0m0.291s
user	0m0.054s
sys	0m0.020s
mkdir: cannot create directory ‘/tmp/tobiastmp/’: File exists
  File "./preprocess5.py", line 192
    print(filelist)
    ^
IndentationError: unexpected indent

real	0m0.177s
user	0m0.037s
sys	0m0.012s
  File "./preprocess5.py", line 192
    print(filelist)
    ^
IndentationError: unexpected indent

real	0m0.154s
user	0m0.033s
sys	0m0.015s
2018-12-05 09:39:15 Starting UMI Error Correct
2018-12-05 09:39:15 Writing output files to /tmp/tobiastmp/outtest5

real	101m54.115s
user	101m47.340s
sys	0m6.393s
[M::main_mem] read 2649008 sequences (400000208 bp)...
[M::mem_pestat] # candidate unique pairs for (FF, FR, RF, RR): (0, 0, 0, 0)
[M::mem_pestat] skip orientation FF as there are not enough pairs
[M::mem_pestat] skip orientation FR as there are not enough pairs
[M::mem_pestat] skip orientation RF as there are not enough pairs
[M::mem_pestat] skip orientation RR as there are not enough pairs
[M::worker2@33] performed mate-SW for 0 reads
[M::worker2@27] performed mate-SW for 0 reads
[M::worker2@31] performed mate-SW for 0 reads
[M::worker2@4] performed mate-SW for 0 reads
[M::worker2@1] performed mate-SW for 0 reads
[M::worker2@26] performed mate-SW for 0 reads
[M::worker2@28] performed mate-SW for 0 reads
[M::worker2@29] performed mate-SW for 0 reads
[M::worker2@7] performed mate-SW for 0 reads
[M::worker2@0] performed mate-SW for 0 reads
[M::worker2@8] performed mate-SW for 0 reads
[M::worker2@20] performed mate-SW for 0 reads
[M::worker2@6] performed mate-SW for 0 reads
[M::worker2@23] performed mate-SW for 0 reads
[M::worker2@9] performed mate-SW for 0 reads
[M::worker2@22] performed mate-SW for 0 reads
[M::worker2@3] performed mate-SW for 0 reads
[M::worker2@30] performed mate-SW for 0 reads
[M::worker2@39] performed mate-SW for 0 reads
[M::worker2@38] performed mate-SW for 0 reads
[M::worker2@34] performed mate-SW for 0 reads
[M::worker2@11] performed mate-SW for 0 reads
[M::worker2@25] performed mate-SW for 0 reads
[M::worker2@14] performed mate-SW for 0 reads
[M::worker2@18] performed mate-SW for 0 reads
[M::worker2@35] performed mate-SW for 0 reads
[M::worker2@17] performed mate-SW for 0 reads
[M::worker2@21] performed mate-SW for 0 reads
[M::worker2@19] performed mate-SW for 0 reads
[M::worker2@12] performed mate-SW for 0 reads
[M::worker2@15] performed mate-SW for 0 reads
[M::worker2@36] performed mate-SW for 0 reads
[M::worker2@16] performed mate-SW for 0 reads
[M::worker2@10] performed mate-SW for 0 reads
[M::worker2@5] performed mate-SW for 0 reads
[M::worker2@37] performed mate-SW for 0 reads
[M::worker2@32] performed mate-SW for 0 reads
[M::worker2@2] performed mate-SW for 0 reads
[M::worker2@24] performed mate-SW for 0 reads
[M::worker2@13] performed mate-SW for 0 reads
[M::main_mem] read 2649008 sequences (400000208 bp)...
[M::mem_pestat] # candidate unique pairs for (FF, FR, RF, RR): (0, 0, 0, 0)
[M::mem_pestat] skip orientation FF as there are not enough pairs
[M::mem_pestat] skip orientation FR as there are not enough pairs
[M::mem_pestat] skip orientation RF as there are not enough pairs
[M::mem_pestat] skip orientation RR as there are not enough pairs
[M::worker2@1] performed mate-SW for 0 reads
[M::worker2@18] performed mate-SW for 0 reads
[M::worker2@23] performed mate-SW for 0 reads
[M::worker2@7] performed mate-SW for 0 reads
[M::worker2@27] performed mate-SW for 0 reads
[M::worker2@6] performed mate-SW for 0 reads
[M::worker2@5] performed mate-SW for 0 reads
[M::worker2@17] performed mate-SW for 0 reads
[M::worker2@15] performed mate-SW for 0 reads
[M::worker2@24] performed mate-SW for 0 reads
[M::worker2@22] performed mate-SW for 0 reads
[M::worker2@2] performed mate-SW for 0 reads
[M::worker2@20] performed mate-SW for 0 reads
[M::worker2@3] performed mate-SW for 0 reads
[M::worker2@0] performed mate-SW for 0 reads
[M::worker2@19] performed mate-SW for 0 reads
[M::worker2@8] performed mate-SW for 0 reads
[M::worker2@25] performed mate-SW for 0 reads
[M::worker2@32] performed mate-SW for 0 reads
[M::worker2@4] performed mate-SW for 0 reads
[M::worker2@13] performed mate-SW for 0 reads
[M::worker2@16] performed mate-SW for 0 reads
[M::worker2@10] performed mate-SW for 0 reads
[M::worker2@11] performed mate-SW for 0 reads
[M::worker2@34] performed mate-SW for 0 reads
[M::worker2@28] performed mate-SW for 0 reads
[M::worker2@9] performed mate-SW for 0 reads
[M::worker2@37] performed mate-SW for 0 reads
[M::worker2@31] performed mate-SW for 0 reads
[M::worker2@21] performed mate-SW for 0 reads
[M::worker2@30] performed mate-SW for 0 reads
[M::worker2@26] performed mate-SW for 0 reads
[M::worker2@35] performed mate-SW for 0 reads
[M::worker2@33] performed mate-SW for 0 reads
[M::worker2@36] performed mate-SW for 0 reads
[M::worker2@39] performed mate-SW for 0 reads
[M::worker2@14] performed mate-SW for 0 reads
[M::worker2@12] performed mate-SW for 0 reads
[M::worker2@38] performed mate-SW for 0 reads
[M::worker2@29] performed mate-SW for 0 reads
[M::main_mem] read 2649008 sequences (400000208 bp)...
[M::mem_pestat] # candidate unique pairs for (FF, FR, RF, RR): (0, 0, 0, 0)
[M::mem_pestat] skip orientation FF as there are not enough pairs
[M::mem_pestat] skip orientation FR as there are not enough pairs
[M::mem_pestat] skip orientation RF as there are not enough pairs
[M::mem_pestat] skip orientation RR as there are not enough pairs
[M::worker2@3] performed mate-SW for 0 reads
[M::worker2@7] performed mate-SW for 0 reads
[M::worker2@31] performed mate-SW for 0 reads
[M::worker2@6] performed mate-SW for 0 reads
[M::worker2@5] performed mate-SW for 0 reads
[M::worker2@10] performed mate-SW for 0 reads
[M::worker2@23] performed mate-SW for 0 reads
[M::worker2@9] performed mate-SW for 0 reads
[M::worker2@8] performed mate-SW for 0 reads
[M::worker2@22] performed mate-SW for 0 reads
[M::worker2@32] performed mate-SW for 0 reads
[M::worker2@35] performed mate-SW for 0 reads
[M::worker2@20] performed mate-SW for 0 reads
[M::worker2@27] performed mate-SW for 0 reads
[M::worker2@19] performed mate-SW for 0 reads
[M::worker2@24] performed mate-SW for 0 reads
[M::worker2@18] performed mate-SW for 0 reads
[M::worker2@26] performed mate-SW for 0 reads
[M::worker2@29] performed mate-SW for 0 reads
[M::worker2@17] performed mate-SW for 0 reads
[M::worker2@25] performed mate-SW for 0 reads
[M::worker2@13] performed mate-SW for 0 reads
[M::worker2@28] performed mate-SW for 0 reads
[M::worker2@21] performed mate-SW for 0 reads
[M::worker2@2] performed mate-SW for 0 reads
[M::worker2@0] performed mate-SW for 0 reads
[M::worker2@12] performed mate-SW for 0 reads
[M::worker2@37] performed mate-SW for 0 reads
[M::worker2@39] performed mate-SW for 0 reads
[M::worker2@38] performed mate-SW for 0 reads
[M::worker2@15] performed mate-SW for 0 reads
[M::worker2@11] performed mate-SW for 0 reads
[M::worker2@33] performed mate-SW for 0 reads
[M::worker2@14] performed mate-SW for 0 reads
[M::worker2@34] performed mate-SW for 0 reads
[M::worker2@36] performed mate-SW for 0 reads
[M::worker2@30] performed mate-SW for 0 reads
[M::worker2@4] performed mate-SW for 0 reads
[M::worker2@1] performed mate-SW for 0 reads
[M::worker2@16] performed mate-SW for 0 reads
[M::main_mem] read 2649008 sequences (400000208 bp)...
[M::mem_pestat] # candidate unique pairs for (FF, FR, RF, RR): (0, 0, 0, 0)
[M::mem_pestat] skip orientation FF as there are not enough pairs
[M::mem_pestat] skip orientation FR as there are not enough pairs
[M::mem_pestat] skip orientation RF as there are not enough pairs
[M::mem_pestat] skip orientation RR as there are not enough pairs
[M::worker2@13] performed mate-SW for 0 reads
[M::worker2@16] performed mate-SW for 0 reads
[M::worker2@15] performed mate-SW for 0 reads
[M::worker2@11] performed mate-SW for 0 reads
[M::worker2@5] performed mate-SW for 0 reads
[M::worker2@10] performed mate-SW for 0 reads
[M::worker2@6] performed mate-SW for 0 reads
[M::worker2@14] performed mate-SW for 0 reads
[M::worker2@17] performed mate-SW for 0 reads
[M::worker2@7] performed mate-SW for 0 reads
[M::worker2@9] performed mate-SW for 0 reads
[M::worker2@12] performed mate-SW for 0 reads
[M::worker2@2] performed mate-SW for 0 reads
[M::worker2@4] performed mate-SW for 0 reads
[M::worker2@18] performed mate-SW for 0 reads
[M::worker2@1] performed mate-SW for 0 reads
[M::worker2@8] performed mate-SW for 0 reads
[M::worker2@3] performed mate-SW for 0 reads
[M::worker2@21] performed mate-SW for 0 reads
[M::worker2@20] performed mate-SW for 0 reads
[M::worker2@22] performed mate-SW for 0 reads
[M::worker2@23] performed mate-SW for 0 reads
[M::worker2@24] performed mate-SW for 0 reads
[M::worker2@19] performed mate-SW for 0 reads
[M::worker2@26] performed mate-SW for 0 reads
[M::worker2@28] performed mate-SW for 0 reads
[M::worker2@27] performed mate-SW for 0 reads
[M::worker2@37] performed mate-SW for 0 reads
[M::worker2@30] performed mate-SW for 0 reads
[M::worker2@25] performed mate-SW for 0 reads
[M::worker2@38] performed mate-SW for 0 reads
[M::worker2@29] performed mate-SW for 0 reads
[M::worker2@0] performed mate-SW for 0 reads
[M::worker2@32] performed mate-SW for 0 reads
[M::worker2@35] performed mate-SW for 0 reads
[M::worker2@39] performed mate-SW for 0 reads
[M::worker2@36] performed mate-SW for 0 reads
[M::worker2@34] performed mate-SW for 0 reads
[M::worker2@31] performed mate-SW for 0 reads
[M::worker2@33] performed mate-SW for 0 reads
[M::main_mem] read 2649008 sequences (400000208 bp)...
[M::mem_pestat] # candidate unique pairs for (FF, FR, RF, RR): (0, 0, 0, 0)
[M::mem_pestat] skip orientation FF as there are not enough pairs
[M::mem_pestat] skip orientation FR as there are not enough pairs
[M::mem_pestat] skip orientation RF as there are not enough pairs
[M::mem_pestat] skip orientation RR as there are not enough pairs
[M::worker2@32] performed mate-SW for 0 reads
[M::worker2@36] performed mate-SW for 0 reads
[M::worker2@15] performed mate-SW for 0 reads
[M::worker2@24] performed mate-SW for 0 reads
[M::worker2@25] performed mate-SW for 0 reads
[M::worker2@20] performed mate-SW for 0 reads
[M::worker2@22] performed mate-SW for 0 reads
[M::worker2@16] performed mate-SW for 0 reads
[M::worker2@4] performed mate-SW for 0 reads
[M::worker2@1] performed mate-SW for 0 reads
[M::worker2@12] performed mate-SW for 0 reads
[M::worker2@13] performed mate-SW for 0 reads
[M::worker2@19] performed mate-SW for 0 reads
[M::worker2@3] performed mate-SW for 0 reads
[M::worker2@6] performed mate-SW for 0 reads
[M::worker2@21] performed mate-SW for 0 reads
[M::worker2@27] performed mate-SW for 0 reads
[M::worker2@8] performed mate-SW for 0 reads
[M::worker2@5] performed mate-SW for 0 reads
[M::worker2@14] performed mate-SW for 0 reads
[M::worker2@10] performed mate-SW for 0 reads
[M::worker2@37] performed mate-SW for 0 reads
[M::worker2@31] performed mate-SW for 0 reads
[M::worker2@33] performed mate-SW for 0 reads
[M::worker2@17] performed mate-SW for 0 reads
[M::worker2@30] performed mate-SW for 0 reads
[M::worker2@28] performed mate-SW for 0 reads
[M::worker2@23] performed mate-SW for 0 reads
[M::worker2@26] performed mate-SW for 0 reads
[M::worker2@39] performed mate-SW for 0 reads
[M::worker2@18] performed mate-SW for 0 reads
[M::worker2@38] performed mate-SW for 0 reads
[M::worker2@7] performed mate-SW for 0 reads
[M::worker2@11] performed mate-SW for 0 reads
[M::worker2@0] performed mate-SW for 0 reads
[M::worker2@9] performed mate-SW for 0 reads
[M::worker2@29] performed mate-SW for 0 reads
[M::worker2@2] performed mate-SW for 0 reads
[M::worker2@34] performed mate-SW for 0 reads
[M::worker2@35] performed mate-SW for 0 reads
[M::main_mem] read 2649008 sequences (400000208 bp)...
[M::mem_pestat] # candidate unique pairs for (FF, FR, RF, RR): (0, 0, 0, 0)
[M::mem_pestat] skip orientation FF as there are not enough pairs
[M::mem_pestat] skip orientation FR as there are not enough pairs
[M::mem_pestat] skip orientation RF as there are not enough pairs
[M::mem_pestat] skip orientation RR as there are not enough pairs
[M::worker2@4] performed mate-SW for 0 reads
[M::worker2@2] performed mate-SW for 0 reads
[M::worker2@8] performed mate-SW for 0 reads
[M::worker2@11] performed mate-SW for 0 reads
[M::worker2@34] performed mate-SW for 0 reads
[M::worker2@24] performed mate-SW for 0 reads
[M::worker2@17] performed mate-SW for 0 reads
[M::worker2@15] performed mate-SW for 0 reads
[M::worker2@5] performed mate-SW for 0 reads
[M::worker2@33] performed mate-SW for 0 reads
[M::worker2@38] performed mate-SW for 0 reads
[M::worker2@26] performed mate-SW for 0 reads
[M::worker2@32] performed mate-SW for 0 reads
[M::worker2@37] performed mate-SW for 0 reads
[M::worker2@30] performed mate-SW for 0 reads
[M::worker2@29] performed mate-SW for 0 reads
[M::worker2@7] performed mate-SW for 0 reads
[M::worker2@23] performed mate-SW for 0 reads
[M::worker2@25] performed mate-SW for 0 reads
[M::worker2@9] performed mate-SW for 0 reads
[M::worker2@14] performed mate-SW for 0 reads
[M::worker2@31] performed mate-SW for 0 reads
[M::worker2@19] performed mate-SW for 0 reads
[M::worker2@1] performed mate-SW for 0 reads
[M::worker2@21] performed mate-SW for 0 reads
[M::worker2@0] performed mate-SW for 0 reads
[M::worker2@6] performed mate-SW for 0 reads
[M::worker2@22] performed mate-SW for 0 reads
[M::worker2@18] performed mate-SW for 0 reads
[M::worker2@16] performed mate-SW for 0 reads
[M::worker2@10] performed mate-SW for 0 reads
[M::worker2@35] performed mate-SW for 0 reads
[M::worker2@28] performed mate-SW for 0 reads
[M::worker2@39] performed mate-SW for 0 reads
[M::worker2@12] performed mate-SW for 0 reads
[M::worker2@27] performed mate-SW for 0 reads
[M::worker2@13] performed mate-SW for 0 reads
[M::worker2@20] performed mate-SW for 0 reads
[M::worker2@3] performed mate-SW for 0 reads
[M::worker2@36] performed mate-SW for 0 reads
[M::main_mem] read 2649008 sequences (400000208 bp)...
[M::mem_pestat] # candidate unique pairs for (FF, FR, RF, RR): (0, 0, 0, 0)
[M::mem_pestat] skip orientation FF as there are not enough pairs
[M::mem_pestat] skip orientation FR as there are not enough pairs
[M::mem_pestat] skip orientation RF as there are not enough pairs
[M::mem_pestat] skip orientation RR as there are not enough pairs
[M::worker2@18] performed mate-SW for 0 reads
[M::worker2@6] performed mate-SW for 0 reads
[M::worker2@9] performed mate-SW for 0 reads
[M::worker2@33] performed mate-SW for 0 reads
[M::worker2@30] performed mate-SW for 0 reads
[M::worker2@32] performed mate-SW for 0 reads
[M::worker2@2] performed mate-SW for 0 reads
[M::worker2@31] performed mate-SW for 0 reads
[M::worker2@20] performed mate-SW for 0 reads
[M::worker2@3] performed mate-SW for 0 reads
[M::worker2@37] performed mate-SW for 0 reads
[M::worker2@25] performed mate-SW for 0 reads
[M::worker2@13] performed mate-SW for 0 reads
[M::worker2@24] performed mate-SW for 0 reads
[M::worker2@26] performed mate-SW for 0 reads
[M::worker2@38] performed mate-SW for 0 reads
[M::worker2@17] performed mate-SW for 0 reads
[M::worker2@1] performed mate-SW for 0 reads
[M::worker2@12] performed mate-SW for 0 reads
[M::worker2@4] performed mate-SW for 0 reads
[M::worker2@8] performed mate-SW for 0 reads
[M::worker2@21] performed mate-SW for 0 reads
[M::worker2@7] performed mate-SW for 0 reads
[M::worker2@19] performed mate-SW for 0 reads
[M::worker2@22] performed mate-SW for 0 reads
[M::worker2@0] performed mate-SW for 0 reads
[M::worker2@11] performed mate-SW for 0 reads
[M::worker2@29] performed mate-SW for 0 reads
[M::worker2@23] performed mate-SW for 0 reads
[M::worker2@15] performed mate-SW for 0 reads
[M::worker2@35] performed mate-SW for 0 reads
[M::worker2@36] performed mate-SW for 0 reads
[M::worker2@28] performed mate-SW for 0 reads
[M::worker2@10] performed mate-SW for 0 reads
[M::worker2@5] performed mate-SW for 0 reads
[M::worker2@27] performed mate-SW for 0 reads
[M::worker2@39] performed mate-SW for 0 reads
[M::worker2@16] performed mate-SW for 0 reads
[M::worker2@14] performed mate-SW for 0 reads
[M::worker2@34] performed mate-SW for 0 reads
[M::main_mem] read 2649008 sequences (400000208 bp)...
[M::mem_pestat] # candidate unique pairs for (FF, FR, RF, RR): (0, 0, 0, 0)
[M::mem_pestat] skip orientation FF as there are not enough pairs
[M::mem_pestat] skip orientation FR as there are not enough pairs
[M::mem_pestat] skip orientation RF as there are not enough pairs
[M::mem_pestat] skip orientation RR as there are not enough pairs
[M::worker2@14] performed mate-SW for 0 reads
[M::worker2@8] performed mate-SW for 0 reads
[M::worker2@11] performed mate-SW for 0 reads
[M::worker2@7] performed mate-SW for 0 reads
[M::worker2@10] performed mate-SW for 0 reads
[M::worker2@12] performed mate-SW for 0 reads
[M::worker2@19] performed mate-SW for 0 reads
[M::worker2@16] performed mate-SW for 0 reads
[M::worker2@26] performed mate-SW for 0 reads
[M::worker2@6] performed mate-SW for 0 reads
[M::worker2@9] performed mate-SW for 0 reads
[M::worker2@13] performed mate-SW for 0 reads
[M::worker2@17] performed mate-SW for 0 reads
[M::worker2@18] performed mate-SW for 0 reads
[M::worker2@32] performed mate-SW for 0 reads
[M::worker2@36] performed mate-SW for 0 reads
[M::worker2@38] performed mate-SW for 0 reads
[M::worker2@39] performed mate-SW for 0 reads
[M::worker2@35] performed mate-SW for 0 reads
[M::worker2@33] performed mate-SW for 0 reads
[M::worker2@37] performed mate-SW for 0 reads
[M::worker2@31] performed mate-SW for 0 reads
[M::worker2@4] performed mate-SW for 0 reads
[M::worker2@5] performed mate-SW for 0 reads
[M::worker2@21] performed mate-SW for 0 reads
[M::worker2@0] performed mate-SW for 0 reads
[M::worker2@28] performed mate-SW for 0 reads
[M::worker2@29] performed mate-SW for 0 reads
[M::worker2@34] performed mate-SW for 0 reads
[M::worker2@3] performed mate-SW for 0 reads
[M::worker2@2] performed mate-SW for 0 reads
[M::worker2@20] performed mate-SW for 0 reads
[M::worker2@24] performed mate-SW for 0 reads
[M::worker2@25] performed mate-SW for 0 reads
[M::worker2@30] performed mate-SW for 0 reads
[M::worker2@1] performed mate-SW for 0 reads
[M::worker2@27] performed mate-SW for 0 reads
[M::worker2@23] performed mate-SW for 0 reads
[M::worker2@22] performed mate-SW for 0 reads
[M::worker2@15] performed mate-SW for 0 reads
[M::main_mem] read 2649008 sequences (400000208 bp)...
[M::mem_pestat] # candidate unique pairs for (FF, FR, RF, RR): (0, 0, 0, 0)
[M::mem_pestat] skip orientation FF as there are not enough pairs
[M::mem_pestat] skip orientation FR as there are not enough pairs
[M::mem_pestat] skip orientation RF as there are not enough pairs
[M::mem_pestat] skip orientation RR as there are not enough pairs
[M::worker2@9] performed mate-SW for 0 reads
[M::worker2@28] performed mate-SW for 0 reads
[M::worker2@36] performed mate-SW for 0 reads
[M::worker2@21] performed mate-SW for 0 reads
[M::worker2@37] performed mate-SW for 0 reads
[M::worker2@17] performed mate-SW for 0 reads
[M::worker2@31] performed mate-SW for 0 reads
[M::worker2@8] performed mate-SW for 0 reads
[M::worker2@24] performed mate-SW for 0 reads
[M::worker2@15] performed mate-SW for 0 reads
[M::worker2@39] performed mate-SW for 0 reads
[M::worker2@13] performed mate-SW for 0 reads
[M::worker2@5] performed mate-SW for 0 reads
[M::worker2@26] performed mate-SW for 0 reads
[M::worker2@1] performed mate-SW for 0 reads
[M::worker2@19] performed mate-SW for 0 reads
[M::worker2@29] performed mate-SW for 0 reads
[M::worker2@7] performed mate-SW for 0 reads
[M::worker2@14] performed mate-SW for 0 reads
[M::worker2@22] performed mate-SW for 0 reads
[M::worker2@10] performed mate-SW for 0 reads
[M::worker2@34] performed mate-SW for 0 reads
[M::worker2@3] performed mate-SW for 0 reads
[M::worker2@35] performed mate-SW for 0 reads
[M::worker2@38] performed mate-SW for 0 reads
[M::worker2@11] performed mate-SW for 0 reads
[M::worker2@6] performed mate-SW for 0 reads
[M::worker2@0] performed mate-SW for 0 reads
[M::worker2@30] performed mate-SW for 0 reads
[M::worker2@4] performed mate-SW for 0 reads
[M::worker2@23] performed mate-SW for 0 reads
[M::worker2@25] performed mate-SW for 0 reads
[M::worker2@33] performed mate-SW for 0 reads
[M::worker2@20] performed mate-SW for 0 reads
[M::worker2@12] performed mate-SW for 0 reads
[M::worker2@16] performed mate-SW for 0 reads
[M::worker2@2] performed mate-SW for 0 reads
[M::worker2@32] performed mate-SW for 0 reads
[M::worker2@18] performed mate-SW for 0 reads
[M::worker2@27] performed mate-SW for 0 reads
[M::main_mem] read 2649008 sequences (400000208 bp)...
[M::mem_pestat] # candidate unique pairs for (FF, FR, RF, RR): (0, 0, 0, 0)
[M::mem_pestat] skip orientation FF as there are not enough pairs
[M::mem_pestat] skip orientation FR as there are not enough pairs
[M::mem_pestat] skip orientation RF as there are not enough pairs
[M::mem_pestat] skip orientation RR as there are not enough pairs
[M::worker2@0] performed mate-SW for 0 reads
[M::worker2@25] performed mate-SW for 0 reads
[M::worker2@17] performed mate-SW for 0 reads
[M::worker2@6] performed mate-SW for 0 reads
[M::worker2@10] performed mate-SW for 0 reads
[M::worker2@22] performed mate-SW for 0 reads
[M::worker2@24] performed mate-SW for 0 reads
[M::worker2@21] performed mate-SW for 0 reads
[M::worker2@18] performed mate-SW for 0 reads
[M::worker2@5] performed mate-SW for 0 reads
[M::worker2@13] performed mate-SW for 0 reads
[M::worker2@1] performed mate-SW for 0 reads
[M::worker2@19] performed mate-SW for 0 reads
[M::worker2@26] performed mate-SW for 0 reads
[M::worker2@8] performed mate-SW for 0 reads
[M::worker2@9] performed mate-SW for 0 reads
[M::worker2@16] performed mate-SW for 0 reads
[M::worker2@20] performed mate-SW for 0 reads
[M::worker2@2] performed mate-SW for 0 reads
[M::worker2@3] performed mate-SW for 0 reads
[M::worker2@15] performed mate-SW for 0 reads
[M::worker2@27] performed mate-SW for 0 reads
[M::worker2@4] performed mate-SW for 0 reads
[M::worker2@12] performed mate-SW for 0 reads
[M::worker2@11] performed mate-SW for 0 reads
[M::worker2@14] performed mate-SW for 0 reads
[M::worker2@28] performed mate-SW for 0 reads
[M::worker2@23] performed mate-SW for 0 reads
[M::worker2@32] performed mate-SW for 0 reads
[M::worker2@35] performed mate-SW for 0 reads
[M::worker2@31] performed mate-SW for 0 reads
[M::worker2@34] performed mate-SW for 0 reads
[M::worker2@36] performed mate-SW for 0 reads
[M::worker2@37] performed mate-SW for 0 reads
[M::worker2@39] performed mate-SW for 0 reads
[M::worker2@33] performed mate-SW for 0 reads
[M::worker2@7] performed mate-SW for 0 reads
[M::worker2@30] performed mate-SW for 0 reads
[M::worker2@29] performed mate-SW for 0 reads
[M::worker2@38] performed mate-SW for 0 reads
[M::main_mem] read 1847496 sequences (278971896 bp)...
[M::mem_pestat] # candidate unique pairs for (FF, FR, RF, RR): (0, 0, 0, 0)
[M::mem_pestat] skip orientation FF as there are not enough pairs
[M::mem_pestat] skip orientation FR as there are not enough pairs
[M::mem_pestat] skip orientation RF as there are not enough pairs
[M::mem_pestat] skip orientation RR as there are not enough pairs
[M::worker2@9] performed mate-SW for 0 reads
[M::worker2@12] performed mate-SW for 0 reads
[M::worker2@21] performed mate-SW for 0 reads
[M::worker2@24] performed mate-SW for 0 reads
[M::worker2@13] performed mate-SW for 0 reads
[M::worker2@22] performed mate-SW for 0 reads
[M::worker2@3] performed mate-SW for 0 reads
[M::worker2@1] performed mate-SW for 0 reads
[M::worker2@25] performed mate-SW for 0 reads
[M::worker2@33] performed mate-SW for 0 reads
[M::worker2@5] performed mate-SW for 0 reads
[M::worker2@6] performed mate-SW for 0 reads
[M::worker2@20] performed mate-SW for 0 reads
[M::worker2@17] performed mate-SW for 0 reads
[M::worker2@15] performed mate-SW for 0 reads
[M::worker2@18] performed mate-SW for 0 reads
[M::worker2@19] performed mate-SW for 0 reads
[M::worker2@0] performed mate-SW for 0 reads
[M::worker2@7] performed mate-SW for 0 reads
[M::worker2@16] performed mate-SW for 0 reads
[M::worker2@37] performed mate-SW for 0 reads
[M::worker2@35] performed mate-SW for 0 reads
[M::worker2@23] performed mate-SW for 0 reads
[M::worker2@2] performed mate-SW for 0 reads
[M::worker2@8] performed mate-SW for 0 reads
[M::worker2@4] performed mate-SW for 0 reads
[M::worker2@10] performed mate-SW for 0 reads
[M::worker2@38] performed mate-SW for 0 reads
[M::worker2@30] performed mate-SW for 0 reads
[M::worker2@26] performed mate-SW for 0 reads
[M::worker2@34] performed mate-SW for 0 reads
[M::worker2@28] performed mate-SW for 0 reads
[M::worker2@27] performed mate-SW for 0 reads
[M::worker2@29] performed mate-SW for 0 reads
[M::worker2@36] performed mate-SW for 0 reads
[M::worker2@32] performed mate-SW for 0 reads
[M::worker2@14] performed mate-SW for 0 reads
[M::worker2@11] performed mate-SW for 0 reads
[M::worker2@31] performed mate-SW for 0 reads
[M::worker2@39] performed mate-SW for 0 reads
[main] Version: 0.7.5a-r405
[main] CMD: bwa mem -t 40 /medstore/External_References/hg19/Homo_sapiens_sequence_hg19.fasta /tmp/tobiastmp/C6280_S7_R1_001.fastq.gz /tmp/tobiastmp/C6280_S7_R1_001.fastq.gz
[main] Real time: 296.853 sec; CPU: 6550.173 sec

real	4m57.014s
user	113m55.734s
sys	4m6.525s
[M::main_mem] read 2739728 sequences (400000288 bp)...
[M::mem_pestat] # candidate unique pairs for (FF, FR, RF, RR): (4914, 1191046, 68, 6208)
[M::mem_pestat] analyzing insert size distribution for orientation FF...
[M::mem_pestat] (25, 50, 75) percentile: (89, 120, 160)
[M::mem_pestat] low and high boundaries for computing mean and std.dev: (1, 302)
[M::mem_pestat] mean and std.dev: (128.35, 51.25)
[M::mem_pestat] low and high boundaries for proper pairs: (1, 373)
[M::mem_pestat] analyzing insert size distribution for orientation FR...
[M::mem_pestat] (25, 50, 75) percentile: (111, 146, 187)
[M::mem_pestat] low and high boundaries for computing mean and std.dev: (1, 339)
[M::mem_pestat] mean and std.dev: (151.92, 55.11)
[M::mem_pestat] low and high boundaries for proper pairs: (1, 415)
[M::mem_pestat] analyzing insert size distribution for orientation RF...
[M::mem_pestat] (25, 50, 75) percentile: (69, 217, 454)
[M::mem_pestat] low and high boundaries for computing mean and std.dev: (1, 1224)
[M::mem_pestat] mean and std.dev: (261.06, 254.61)
[M::mem_pestat] low and high boundaries for proper pairs: (1, 1609)
[M::mem_pestat] analyzing insert size distribution for orientation RR...
[M::mem_pestat] (25, 50, 75) percentile: (94, 124, 165)
[M::mem_pestat] low and high boundaries for computing mean and std.dev: (1, 307)
[M::mem_pestat] mean and std.dev: (133.16, 51.72)
[M::mem_pestat] low and high boundaries for proper pairs: (1, 378)
[M::mem_pestat] skip orientation FF
[M::mem_pestat] skip orientation RF
[M::mem_pestat] skip orientation RR
[M::worker2@11] performed mate-SW for 22564 reads
[M::worker2@1] performed mate-SW for 23833 reads
[M::worker2@15] performed mate-SW for 23056 reads
[M::worker2@13] performed mate-SW for 22915 reads
[M::worker2@3] performed mate-SW for 25074 reads
[M::worker2@9] performed mate-SW for 21502 reads
[M::worker2@18] performed mate-SW for 21826 reads
[M::worker2@19] performed mate-SW for 22382 reads
[M::worker2@10] performed mate-SW for 22698 reads
[M::worker2@20] performed mate-SW for 22298 reads
[M::worker2@8] performed mate-SW for 22001 reads
[M::worker2@16] performed mate-SW for 22913 reads
[M::worker2@0] performed mate-SW for 22474 reads
[M::worker2@6] performed mate-SW for 24470 reads
[M::worker2@12] performed mate-SW for 23669 reads
[M::worker2@14] performed mate-SW for 23856 reads
[M::worker2@17] performed mate-SW for 22727 reads
[M::worker2@5] performed mate-SW for 21760 reads
[M::worker2@4] performed mate-SW for 21495 reads
[M::worker2@7] performed mate-SW for 22581 reads
[M::worker2@2] performed mate-SW for 22760 reads
[M::worker2@21] performed mate-SW for 22203 reads
[M::worker2@22] performed mate-SW for 21507 reads
[M::worker2@23] performed mate-SW for 22049 reads
[M::worker2@26] performed mate-SW for 21912 reads
[M::worker2@25] performed mate-SW for 22290 reads
[M::worker2@24] performed mate-SW for 23487 reads
[M::worker2@27] performed mate-SW for 21818 reads
[M::worker2@31] performed mate-SW for 21700 reads
[M::worker2@29] performed mate-SW for 22491 reads
[M::worker2@28] performed mate-SW for 22821 reads
[M::worker2@30] performed mate-SW for 20302 reads
[M::worker2@34] performed mate-SW for 21223 reads
[M::worker2@36] performed mate-SW for 21873 reads
[M::worker2@35] performed mate-SW for 21337 reads
[M::worker2@32] performed mate-SW for 21834 reads
[M::worker2@39] performed mate-SW for 19931 reads
[M::worker2@33] performed mate-SW for 21333 reads
[M::worker2@38] performed mate-SW for 21278 reads
[M::worker2@37] performed mate-SW for 22650 reads
[M::main_mem] read 2739728 sequences (400000288 bp)...
[M::mem_pestat] # candidate unique pairs for (FF, FR, RF, RR): (4864, 1189838, 62, 6119)
[M::mem_pestat] analyzing insert size distribution for orientation FF...
[M::mem_pestat] (25, 50, 75) percentile: (88, 117, 159)
[M::mem_pestat] low and high boundaries for computing mean and std.dev: (1, 301)
[M::mem_pestat] mean and std.dev: (127.05, 50.67)
[M::mem_pestat] low and high boundaries for proper pairs: (1, 372)
[M::mem_pestat] analyzing insert size distribution for orientation FR...
[M::mem_pestat] (25, 50, 75) percentile: (111, 145, 186)
[M::mem_pestat] low and high boundaries for computing mean and std.dev: (1, 336)
[M::mem_pestat] mean and std.dev: (151.47, 54.81)
[M::mem_pestat] low and high boundaries for proper pairs: (1, 411)
[M::mem_pestat] analyzing insert size distribution for orientation RF...
[M::mem_pestat] (25, 50, 75) percentile: (58, 199, 352)
[M::mem_pestat] low and high boundaries for computing mean and std.dev: (1, 940)
[M::mem_pestat] mean and std.dev: (220.07, 191.87)
[M::mem_pestat] low and high boundaries for proper pairs: (1, 1234)
[M::mem_pestat] analyzing insert size distribution for orientation RR...
[M::mem_pestat] (25, 50, 75) percentile: (92, 124, 167)
[M::mem_pestat] low and high boundaries for computing mean and std.dev: (1, 317)
[M::mem_pestat] mean and std.dev: (132.89, 53.27)
[M::mem_pestat] low and high boundaries for proper pairs: (1, 392)
[M::mem_pestat] skip orientation FF
[M::mem_pestat] skip orientation RF
[M::mem_pestat] skip orientation RR
[M::worker2@24] performed mate-SW for 22144 reads
[M::worker2@33] performed mate-SW for 20720 reads
[M::worker2@4] performed mate-SW for 24648 reads
[M::worker2@14] performed mate-SW for 23444 reads
[M::worker2@12] performed mate-SW for 23297 reads
[M::worker2@17] performed mate-SW for 22990 reads
[M::worker2@6] performed mate-SW for 23282 reads
[M::worker2@10] performed mate-SW for 22973 reads
[M::worker2@2] performed mate-SW for 24755 reads
[M::worker2@31] performed mate-SW for 21583 reads
[M::worker2@5] performed mate-SW for 23683 reads
[M::worker2@21] performed mate-SW for 23150 reads
[M::worker2@19] performed mate-SW for 23587 reads
[M::worker2@22] performed mate-SW for 23416 reads
[M::worker2@27] performed mate-SW for 22745 reads
[M::worker2@26] performed mate-SW for 23532 reads
[M::worker2@35] performed mate-SW for 22643 reads
[M::worker2@15] performed mate-SW for 24215 reads
[M::worker2@39] performed mate-SW for 22670 reads
[M::worker2@16] performed mate-SW for 24779 reads
[M::worker2@7] performed mate-SW for 23481 reads
[M::worker2@28] performed mate-SW for 24115 reads
[M::worker2@11] performed mate-SW for 23126 reads
[M::worker2@25] performed mate-SW for 23006 reads
[M::worker2@0] performed mate-SW for 24793 reads
[M::worker2@3] performed mate-SW for 24643 reads
[M::worker2@8] performed mate-SW for 25360 reads
[M::worker2@36] performed mate-SW for 24421 reads
[M::worker2@34] performed mate-SW for 25010 reads
[M::worker2@1] performed mate-SW for 25741 reads
[M::worker2@30] performed mate-SW for 23960 reads
[M::worker2@18] performed mate-SW for 25257 reads
[M::worker2@29] performed mate-SW for 25130 reads
[M::worker2@23] performed mate-SW for 24872 reads
[M::worker2@20] performed mate-SW for 24094 reads
[M::worker2@13] performed mate-SW for 25462 reads
[M::worker2@38] performed mate-SW for 25633 reads
[M::worker2@37] performed mate-SW for 23707 reads
[M::worker2@32] performed mate-SW for 26045 reads
[M::worker2@9] performed mate-SW for 26429 reads
[M::main_mem] read 2739728 sequences (400000288 bp)...
[M::mem_pestat] # candidate unique pairs for (FF, FR, RF, RR): (4708, 1187897, 68, 6143)
[M::mem_pestat] analyzing insert size distribution for orientation FF...
[M::mem_pestat] (25, 50, 75) percentile: (88, 118, 158)
[M::mem_pestat] low and high boundaries for computing mean and std.dev: (1, 298)
[M::mem_pestat] mean and std.dev: (125.91, 49.76)
[M::mem_pestat] low and high boundaries for proper pairs: (1, 368)
[M::mem_pestat] analyzing insert size distribution for orientation FR...
[M::mem_pestat] (25, 50, 75) percentile: (111, 145, 186)
[M::mem_pestat] low and high boundaries for computing mean and std.dev: (1, 336)
[M::mem_pestat] mean and std.dev: (151.06, 54.55)
[M::mem_pestat] low and high boundaries for proper pairs: (1, 411)
[M::mem_pestat] analyzing insert size distribution for orientation RF...
[M::mem_pestat] (25, 50, 75) percentile: (57, 154, 361)
[M::mem_pestat] low and high boundaries for computing mean and std.dev: (1, 969)
[M::mem_pestat] mean and std.dev: (211.28, 204.22)
[M::mem_pestat] low and high boundaries for proper pairs: (1, 1273)
[M::mem_pestat] analyzing insert size distribution for orientation RR...
[M::mem_pestat] (25, 50, 75) percentile: (92, 124, 168)
[M::mem_pestat] low and high boundaries for computing mean and std.dev: (1, 320)
[M::mem_pestat] mean and std.dev: (133.35, 53.66)
[M::mem_pestat] low and high boundaries for proper pairs: (1, 396)
[M::mem_pestat] skip orientation FF
[M::mem_pestat] skip orientation RF
[M::mem_pestat] skip orientation RR
[M::worker2@36] performed mate-SW for 23129 reads
[M::worker2@8] performed mate-SW for 22393 reads
[M::worker2@22] performed mate-SW for 24006 reads
[M::worker2@18] performed mate-SW for 23999 reads
[M::worker2@7] performed mate-SW for 25112 reads
[M::worker2@16] performed mate-SW for 22998 reads
[M::worker2@26] performed mate-SW for 23963 reads
[M::worker2@14] performed mate-SW for 26120 reads
[M::worker2@17] performed mate-SW for 25705 reads
[M::worker2@21] performed mate-SW for 25605 reads
[M::worker2@10] performed mate-SW for 25045 reads
[M::worker2@13] performed mate-SW for 25453 reads
[M::worker2@9] performed mate-SW for 25770 reads
[M::worker2@23] performed mate-SW for 23456 reads
[M::worker2@2] performed mate-SW for 23808 reads
[M::worker2@20] performed mate-SW for 24913 reads
[M::worker2@35] performed mate-SW for 23391 reads
[M::worker2@25] performed mate-SW for 24775 reads
[M::worker2@0] performed mate-SW for 23652 reads
[M::worker2@37] performed mate-SW for 23526 reads
[M::worker2@19] performed mate-SW for 25507 reads
[M::worker2@6] performed mate-SW for 25479 reads
[M::worker2@1] performed mate-SW for 25816 reads
[M::worker2@24] performed mate-SW for 25867 reads
[M::worker2@31] performed mate-SW for 24711 reads
[M::worker2@28] performed mate-SW for 24895 reads
[M::worker2@12] performed mate-SW for 26689 reads
[M::worker2@3] performed mate-SW for 27336 reads
[M::worker2@32] performed mate-SW for 26437 reads
[M::worker2@30] performed mate-SW for 26633 reads
[M::worker2@27] performed mate-SW for 26456 reads
[M::worker2@4] performed mate-SW for 24977 reads
[M::worker2@11] performed mate-SW for 24956 reads
[M::worker2@15] performed mate-SW for 26922 reads
[M::worker2@33] performed mate-SW for 24343 reads
[M::worker2@5] performed mate-SW for 27557 reads
[M::worker2@39] performed mate-SW for 26348 reads
[M::worker2@34] performed mate-SW for 24529 reads
[M::worker2@38] performed mate-SW for 24943 reads
[M::worker2@29] performed mate-SW for 24565 reads
[M::main_mem] read 2739728 sequences (400000288 bp)...
[M::mem_pestat] # candidate unique pairs for (FF, FR, RF, RR): (5061, 1189970, 63, 6171)
[M::mem_pestat] analyzing insert size distribution for orientation FF...
[M::mem_pestat] (25, 50, 75) percentile: (89, 120, 162)
[M::mem_pestat] low and high boundaries for computing mean and std.dev: (1, 308)
[M::mem_pestat] mean and std.dev: (129.47, 51.59)
[M::mem_pestat] low and high boundaries for proper pairs: (1, 381)
[M::mem_pestat] analyzing insert size distribution for orientation FR...
[M::mem_pestat] (25, 50, 75) percentile: (112, 146, 187)
[M::mem_pestat] low and high boundaries for computing mean and std.dev: (1, 337)
[M::mem_pestat] mean and std.dev: (152.32, 55.19)
[M::mem_pestat] low and high boundaries for proper pairs: (1, 412)
[M::mem_pestat] analyzing insert size distribution for orientation RF...
[M::mem_pestat] (25, 50, 75) percentile: (72, 161, 362)
[M::mem_pestat] low and high boundaries for computing mean and std.dev: (1, 942)
[M::mem_pestat] mean and std.dev: (217.93, 204.38)
[M::mem_pestat] low and high boundaries for proper pairs: (1, 1232)
[M::mem_pestat] analyzing insert size distribution for orientation RR...
[M::mem_pestat] (25, 50, 75) percentile: (93, 124, 168)
[M::mem_pestat] low and high boundaries for computing mean and std.dev: (1, 318)
[M::mem_pestat] mean and std.dev: (133.75, 53.22)
[M::mem_pestat] low and high boundaries for proper pairs: (1, 393)
[M::mem_pestat] skip orientation FF
[M::mem_pestat] skip orientation RF
[M::mem_pestat] skip orientation RR
[M::worker2@12] performed mate-SW for 20648 reads
[M::worker2@16] performed mate-SW for 22135 reads
[M::worker2@2] performed mate-SW for 22833 reads
[M::worker2@8] performed mate-SW for 22171 reads
[M::worker2@6] performed mate-SW for 22810 reads
[M::worker2@0] performed mate-SW for 21583 reads
[M::worker2@1] performed mate-SW for 21195 reads
[M::worker2@5] performed mate-SW for 22734 reads
[M::worker2@14] performed mate-SW for 23143 reads
[M::worker2@10] performed mate-SW for 24379 reads
[M::worker2@29] performed mate-SW for 21504 reads
[M::worker2@20] performed mate-SW for 24623 reads
[M::worker2@9] performed mate-SW for 23363 reads
[M::worker2@36] performed mate-SW for 22129 reads
[M::worker2@31] performed mate-SW for 21404 reads
[M::worker2@17] performed mate-SW for 22428 reads
[M::worker2@34] performed mate-SW for 23826 reads
[M::worker2@15] performed mate-SW for 23809 reads
[M::worker2@30] performed mate-SW for 22945 reads
[M::worker2@3] performed mate-SW for 22676 reads
[M::worker2@18] performed mate-SW for 23542 reads
[M::worker2@28] performed mate-SW for 23173 reads
[M::worker2@23] performed mate-SW for 23569 reads
[M::worker2@4] performed mate-SW for 24328 reads
[M::worker2@7] performed mate-SW for 23296 reads
[M::worker2@25] performed mate-SW for 21989 reads
[M::worker2@22] performed mate-SW for 22236 reads
[M::worker2@27] performed mate-SW for 22322 reads
[M::worker2@13] performed mate-SW for 24223 reads
[M::worker2@37] performed mate-SW for 22425 reads
[M::worker2@21] performed mate-SW for 23529 reads
[M::worker2@19] performed mate-SW for 23974 reads
[M::worker2@35] performed mate-SW for 23066 reads
[M::worker2@24] performed mate-SW for 23719 reads
[M::worker2@33] performed mate-SW for 23070 reads
[M::worker2@38] performed mate-SW for 23265 reads
[M::worker2@11] performed mate-SW for 25200 reads
[M::worker2@26] performed mate-SW for 23735 reads
[M::worker2@39] performed mate-SW for 23378 reads
[M::worker2@32] performed mate-SW for 24922 reads
[M::main_mem] read 2739728 sequences (400000288 bp)...
[M::mem_pestat] # candidate unique pairs for (FF, FR, RF, RR): (4918, 1190047, 73, 6230)
[M::mem_pestat] analyzing insert size distribution for orientation FF...
[M::mem_pestat] (25, 50, 75) percentile: (90, 120, 161)
[M::mem_pestat] low and high boundaries for computing mean and std.dev: (1, 303)
[M::mem_pestat] mean and std.dev: (128.67, 50.95)
[M::mem_pestat] low and high boundaries for proper pairs: (1, 374)
[M::mem_pestat] analyzing insert size distribution for orientation FR...
[M::mem_pestat] (25, 50, 75) percentile: (112, 146, 187)
[M::mem_pestat] low and high boundaries for computing mean and std.dev: (1, 337)
[M::mem_pestat] mean and std.dev: (152.19, 55.18)
[M::mem_pestat] low and high boundaries for proper pairs: (1, 412)
[M::mem_pestat] analyzing insert size distribution for orientation RF...
[M::mem_pestat] (25, 50, 75) percentile: (57, 233, 420)
[M::mem_pestat] low and high boundaries for computing mean and std.dev: (1, 1146)
[M::mem_pestat] mean and std.dev: (245.56, 238.10)
[M::mem_pestat] low and high boundaries for proper pairs: (1, 1509)
[M::mem_pestat] analyzing insert size distribution for orientation RR...
[M::mem_pestat] (25, 50, 75) percentile: (93, 124, 167)
[M::mem_pestat] low and high boundaries for computing mean and std.dev: (1, 315)
[M::mem_pestat] mean and std.dev: (133.44, 53.06)
[M::mem_pestat] low and high boundaries for proper pairs: (1, 389)
[M::mem_pestat] skip orientation FF
[M::mem_pestat] skip orientation RF
[M::mem_pestat] skip orientation RR
[M::worker2@14] performed mate-SW for 22807 reads
[M::worker2@19] performed mate-SW for 22347 reads
[M::worker2@10] performed mate-SW for 23093 reads
[M::worker2@7] performed mate-SW for 23729 reads
[M::worker2@15] performed mate-SW for 21662 reads
[M::worker2@27] performed mate-SW for 23057 reads
[M::worker2@1] performed mate-SW for 23130 reads
[M::worker2@21] performed mate-SW for 22729 reads
[M::worker2@16] performed mate-SW for 24336 reads
[M::worker2@9] performed mate-SW for 23362 reads
[M::worker2@20] performed mate-SW for 23881 reads
[M::worker2@17] performed mate-SW for 23726 reads
[M::worker2@23] performed mate-SW for 23472 reads
[M::worker2@36] performed mate-SW for 23825 reads
[M::worker2@11] performed mate-SW for 25150 reads
[M::worker2@13] performed mate-SW for 24654 reads
[M::worker2@5] performed mate-SW for 24527 reads
[M::worker2@24] performed mate-SW for 24472 reads
[M::worker2@2] performed mate-SW for 24126 reads
[M::worker2@18] performed mate-SW for 24633 reads
[M::worker2@30] performed mate-SW for 22905 reads
[M::worker2@12] performed mate-SW for 24450 reads
[M::worker2@22] performed mate-SW for 21976 reads
[M::worker2@26] performed mate-SW for 23149 reads
[M::worker2@28] performed mate-SW for 23361 reads
[M::worker2@34] performed mate-SW for 24147 reads
[M::worker2@8] performed mate-SW for 26276 reads
[M::worker2@32] performed mate-SW for 23885 reads
[M::worker2@4] performed mate-SW for 21800 reads
[M::worker2@31] performed mate-SW for 24605 reads
[M::worker2@29] performed mate-SW for 24437 reads
[M::worker2@38] performed mate-SW for 23279 reads
[M::worker2@0] performed mate-SW for 23721 reads
[M::worker2@39] performed mate-SW for 24741 reads
[M::worker2@25] performed mate-SW for 23735 reads
[M::worker2@33] performed mate-SW for 25381 reads
[M::worker2@37] performed mate-SW for 23446 reads
[M::worker2@35] performed mate-SW for 23955 reads
[M::worker2@3] performed mate-SW for 23583 reads
[M::worker2@6] performed mate-SW for 26166 reads
[M::main_mem] read 2739728 sequences (400000288 bp)...
[M::mem_pestat] # candidate unique pairs for (FF, FR, RF, RR): (5064, 1190384, 58, 6257)
[M::mem_pestat] analyzing insert size distribution for orientation FF...
[M::mem_pestat] (25, 50, 75) percentile: (91, 121, 163)
[M::mem_pestat] low and high boundaries for computing mean and std.dev: (1, 307)
[M::mem_pestat] mean and std.dev: (130.54, 51.47)
[M::mem_pestat] low and high boundaries for proper pairs: (1, 379)
[M::mem_pestat] analyzing insert size distribution for orientation FR...
[M::mem_pestat] (25, 50, 75) percentile: (112, 147, 188)
[M::mem_pestat] low and high boundaries for computing mean and std.dev: (1, 340)
[M::mem_pestat] mean and std.dev: (153.05, 55.63)
[M::mem_pestat] low and high boundaries for proper pairs: (1, 416)
[M::mem_pestat] analyzing insert size distribution for orientation RF...
[M::mem_pestat] (25, 50, 75) percentile: (52, 196, 414)
[M::mem_pestat] low and high boundaries for computing mean and std.dev: (1, 1138)
[M::mem_pestat] mean and std.dev: (231.54, 223.03)
[M::mem_pestat] low and high boundaries for proper pairs: (1, 1500)
[M::mem_pestat] analyzing insert size distribution for orientation RR...
[M::mem_pestat] (25, 50, 75) percentile: (94, 126, 170)
[M::mem_pestat] low and high boundaries for computing mean and std.dev: (1, 322)
[M::mem_pestat] mean and std.dev: (135.08, 54.08)
[M::mem_pestat] low and high boundaries for proper pairs: (1, 398)
[M::mem_pestat] skip orientation FF
[M::mem_pestat] skip orientation RF
[M::mem_pestat] skip orientation RR
[M::worker2@14] performed mate-SW for 23545 reads
[M::worker2@19] performed mate-SW for 23096 reads
[M::worker2@7] performed mate-SW for 22025 reads
[M::worker2@15] performed mate-SW for 23393 reads
[M::worker2@11] performed mate-SW for 23870 reads
[M::worker2@4] performed mate-SW for 24864 reads
[M::worker2@13] performed mate-SW for 24320 reads
[M::worker2@30] performed mate-SW for 22624 reads
[M::worker2@1] performed mate-SW for 23462 reads
[M::worker2@3] performed mate-SW for 23560 reads
[M::worker2@6] performed mate-SW for 22383 reads
[M::worker2@12] performed mate-SW for 24117 reads
[M::worker2@2] performed mate-SW for 23582 reads
[M::worker2@29] performed mate-SW for 21885 reads
[M::worker2@18] performed mate-SW for 25301 reads
[M::worker2@32] performed mate-SW for 23060 reads
[M::worker2@9] performed mate-SW for 24209 reads
[M::worker2@28] performed mate-SW for 22634 reads
[M::worker2@26] performed mate-SW for 23698 reads
[M::worker2@31] performed mate-SW for 23930 reads
[M::worker2@10] performed mate-SW for 24014 reads
[M::worker2@5] performed mate-SW for 23770 reads
[M::worker2@22] performed mate-SW for 22309 reads
[M::worker2@17] performed mate-SW for 22012 reads
[M::worker2@24] performed mate-SW for 23718 reads
[M::worker2@21] performed mate-SW for 25376 reads
[M::worker2@23] performed mate-SW for 24272 reads
[M::worker2@25] performed mate-SW for 24830 reads
[M::worker2@0] performed mate-SW for 23948 reads
[M::worker2@16] performed mate-SW for 23392 reads
[M::worker2@8] performed mate-SW for 25873 reads
[M::worker2@37] performed mate-SW for 25237 reads
[M::worker2@38] performed mate-SW for 24952 reads
[M::worker2@33] performed mate-SW for 23986 reads
[M::worker2@35] performed mate-SW for 23324 reads
[M::worker2@27] performed mate-SW for 24463 reads
[M::worker2@36] performed mate-SW for 23733 reads
[M::worker2@39] performed mate-SW for 26862 reads
[M::worker2@34] performed mate-SW for 22377 reads
[M::worker2@20] performed mate-SW for 23891 reads
[M::main_mem] read 2739728 sequences (400000288 bp)...
[M::mem_pestat] # candidate unique pairs for (FF, FR, RF, RR): (4950, 1191029, 71, 6083)
[M::mem_pestat] analyzing insert size distribution for orientation FF...
[M::mem_pestat] (25, 50, 75) percentile: (90, 119, 161)
[M::mem_pestat] low and high boundaries for computing mean and std.dev: (1, 303)
[M::mem_pestat] mean and std.dev: (128.91, 51.20)
[M::mem_pestat] low and high boundaries for proper pairs: (1, 374)
[M::mem_pestat] analyzing insert size distribution for orientation FR...
[M::mem_pestat] (25, 50, 75) percentile: (112, 146, 188)
[M::mem_pestat] low and high boundaries for computing mean and std.dev: (1, 340)
[M::mem_pestat] mean and std.dev: (152.68, 55.52)
[M::mem_pestat] low and high boundaries for proper pairs: (1, 416)
[M::mem_pestat] analyzing insert size distribution for orientation RF...
[M::mem_pestat] (25, 50, 75) percentile: (73, 178, 506)
[M::mem_pestat] low and high boundaries for computing mean and std.dev: (1, 1372)
[M::mem_pestat] mean and std.dev: (249.02, 268.27)
[M::mem_pestat] low and high boundaries for proper pairs: (1, 1805)
[M::mem_pestat] analyzing insert size distribution for orientation RR...
[M::mem_pestat] (25, 50, 75) percentile: (94, 126, 168)
[M::mem_pestat] low and high boundaries for computing mean and std.dev: (1, 316)
[M::mem_pestat] mean and std.dev: (134.81, 52.83)
[M::mem_pestat] low and high boundaries for proper pairs: (1, 390)
[M::mem_pestat] skip orientation FF
[M::mem_pestat] skip orientation RF
[M::mem_pestat] skip orientation RR
[M::worker2@8] performed mate-SW for 21897 reads
[M::worker2@6] performed mate-SW for 21042 reads
[M::worker2@5] performed mate-SW for 23106 reads
[M::worker2@13] performed mate-SW for 22357 reads
[M::worker2@11] performed mate-SW for 22734 reads
[M::worker2@15] performed mate-SW for 23178 reads
[M::worker2@4] performed mate-SW for 24171 reads
[M::worker2@3] performed mate-SW for 24769 reads
[M::worker2@1] performed mate-SW for 23627 reads
[M::worker2@19] performed mate-SW for 23150 reads
[M::worker2@35] performed mate-SW for 23267 reads
[M::worker2@18] performed mate-SW for 23528 reads
[M::worker2@16] performed mate-SW for 25707 reads
[M::worker2@32] performed mate-SW for 22984 reads
[M::worker2@26] performed mate-SW for 25711 reads
[M::worker2@17] performed mate-SW for 24226 reads
[M::worker2@10] performed mate-SW for 24588 reads
[M::worker2@24] performed mate-SW for 26458 reads
[M::worker2@28] performed mate-SW for 25321 reads
[M::worker2@22] performed mate-SW for 24431 reads
[M::worker2@9] performed mate-SW for 24571 reads
[M::worker2@25] performed mate-SW for 24514 reads
[M::worker2@30] performed mate-SW for 23425 reads
[M::worker2@27] performed mate-SW for 24000 reads
[M::worker2@7] performed mate-SW for 25692 reads
[M::worker2@21] performed mate-SW for 25250 reads
[M::worker2@29] performed mate-SW for 25340 reads
[M::worker2@20] performed mate-SW for 25633 reads
[M::worker2@0] performed mate-SW for 22802 reads
[M::worker2@23] performed mate-SW for 24261 reads
[M::worker2@37] performed mate-SW for 23422 reads
[M::worker2@34] performed mate-SW for 24788 reads
[M::worker2@33] performed mate-SW for 26053 reads
[M::worker2@12] performed mate-SW for 23607 reads
[M::worker2@31] performed mate-SW for 25080 reads
[M::worker2@14] performed mate-SW for 24606 reads
[M::worker2@36] performed mate-SW for 25960 reads
[M::worker2@2] performed mate-SW for 25068 reads
[M::worker2@39] performed mate-SW for 23894 reads
[M::worker2@38] performed mate-SW for 25819 reads
[M::main_mem] read 2739728 sequences (400000288 bp)...
[M::mem_pestat] # candidate unique pairs for (FF, FR, RF, RR): (5177, 1191261, 58, 6356)
[M::mem_pestat] analyzing insert size distribution for orientation FF...
[M::mem_pestat] (25, 50, 75) percentile: (90, 119, 161)
[M::mem_pestat] low and high boundaries for computing mean and std.dev: (1, 303)
[M::mem_pestat] mean and std.dev: (129.54, 51.59)
[M::mem_pestat] low and high boundaries for proper pairs: (1, 374)
[M::mem_pestat] analyzing insert size distribution for orientation FR...
[M::mem_pestat] (25, 50, 75) percentile: (112, 147, 189)
[M::mem_pestat] low and high boundaries for computing mean and std.dev: (1, 343)
[M::mem_pestat] mean and std.dev: (153.53, 55.90)
[M::mem_pestat] low and high boundaries for proper pairs: (1, 420)
[M::mem_pestat] analyzing insert size distribution for orientation RF...
[M::mem_pestat] (25, 50, 75) percentile: (155, 276, 494)
[M::mem_pestat] low and high boundaries for computing mean and std.dev: (1, 1172)
[M::mem_pestat] mean and std.dev: (320.66, 233.19)
[M::mem_pestat] low and high boundaries for proper pairs: (1, 1511)
[M::mem_pestat] analyzing insert size distribution for orientation RR...
[M::mem_pestat] (25, 50, 75) percentile: (94, 127, 173)
[M::mem_pestat] low and high boundaries for computing mean and std.dev: (1, 331)
[M::mem_pestat] mean and std.dev: (137.22, 55.99)
[M::mem_pestat] low and high boundaries for proper pairs: (1, 410)
[M::mem_pestat] skip orientation FF
[M::mem_pestat] skip orientation RF
[M::mem_pestat] skip orientation RR
[M::worker2@23] performed mate-SW for 21397 reads
[M::worker2@17] performed mate-SW for 23407 reads
[M::worker2@10] performed mate-SW for 21606 reads
[M::worker2@20] performed mate-SW for 21225 reads
[M::worker2@15] performed mate-SW for 23898 reads
[M::worker2@18] performed mate-SW for 22948 reads
[M::worker2@12] performed mate-SW for 23473 reads
[M::worker2@1] performed mate-SW for 23085 reads
[M::worker2@16] performed mate-SW for 21750 reads
[M::worker2@9] performed mate-SW for 23097 reads
[M::worker2@13] performed mate-SW for 23004 reads
[M::worker2@14] performed mate-SW for 24417 reads
[M::worker2@11] performed mate-SW for 23528 reads
[M::worker2@27] performed mate-SW for 21575 reads
[M::worker2@29] performed mate-SW for 21877 reads
[M::worker2@34] performed mate-SW for 21235 reads
[M::worker2@28] performed mate-SW for 22770 reads
[M::worker2@2] performed mate-SW for 23399 reads
[M::worker2@25] performed mate-SW for 23164 reads
[M::worker2@5] performed mate-SW for 23759 reads
[M::worker2@3] performed mate-SW for 22587 reads
[M::worker2@4] performed mate-SW for 24850 reads
[M::worker2@7] performed mate-SW for 24411 reads
[M::worker2@19] performed mate-SW for 25448 reads
[M::worker2@33] performed mate-SW for 22993 reads
[M::worker2@30] performed mate-SW for 22898 reads
[M::worker2@37] performed mate-SW for 23722 reads
[M::worker2@21] performed mate-SW for 23222 reads
[M::worker2@6] performed mate-SW for 24471 reads
[M::worker2@39] performed mate-SW for 22537 reads
[M::worker2@0] performed mate-SW for 23739 reads
[M::worker2@22] performed mate-SW for 24089 reads
[M::worker2@35] performed mate-SW for 23889 reads
[M::worker2@8] performed mate-SW for 25381 reads
[M::worker2@38] performed mate-SW for 22949 reads
[M::worker2@26] performed mate-SW for 24267 reads
[M::worker2@36] performed mate-SW for 23984 reads
[M::worker2@31] performed mate-SW for 24166 reads
[M::worker2@24] performed mate-SW for 26138 reads
[M::worker2@32] performed mate-SW for 25730 reads
[M::main_mem] read 2739728 sequences (400000288 bp)...
[M::mem_pestat] # candidate unique pairs for (FF, FR, RF, RR): (5061, 1189479, 48, 6259)
[M::mem_pestat] analyzing insert size distribution for orientation FF...
[M::mem_pestat] (25, 50, 75) percentile: (91, 121, 163)
[M::mem_pestat] low and high boundaries for computing mean and std.dev: (1, 307)
[M::mem_pestat] mean and std.dev: (129.90, 51.32)
[M::mem_pestat] low and high boundaries for proper pairs: (1, 379)
[M::mem_pestat] analyzing insert size distribution for orientation FR...
[M::mem_pestat] (25, 50, 75) percentile: (112, 147, 188)
[M::mem_pestat] low and high boundaries for computing mean and std.dev: (1, 340)
[M::mem_pestat] mean and std.dev: (153.18, 55.72)
[M::mem_pestat] low and high boundaries for proper pairs: (1, 416)
[M::mem_pestat] analyzing insert size distribution for orientation RF...
[M::mem_pestat] (25, 50, 75) percentile: (47, 186, 351)
[M::mem_pestat] low and high boundaries for computing mean and std.dev: (1, 959)
[M::mem_pestat] mean and std.dev: (233.02, 230.00)
[M::mem_pestat] low and high boundaries for proper pairs: (1, 1263)
[M::mem_pestat] analyzing insert size distribution for orientation RR...
[M::mem_pestat] (25, 50, 75) percentile: (93, 125, 170)
[M::mem_pestat] low and high boundaries for computing mean and std.dev: (1, 324)
[M::mem_pestat] mean and std.dev: (134.94, 55.08)
[M::mem_pestat] low and high boundaries for proper pairs: (1, 401)
[M::mem_pestat] skip orientation FF
[M::mem_pestat] skip orientation RF
[M::mem_pestat] skip orientation RR
[M::worker2@18] performed mate-SW for 22199 reads
[M::worker2@14] performed mate-SW for 23084 reads
[M::worker2@11] performed mate-SW for 22157 reads
[M::worker2@9] performed mate-SW for 22717 reads
[M::worker2@3] performed mate-SW for 22957 reads
[M::worker2@6] performed mate-SW for 23795 reads
[M::worker2@12] performed mate-SW for 23482 reads
[M::worker2@33] performed mate-SW for 21238 reads
[M::worker2@8] performed mate-SW for 23603 reads
[M::worker2@15] performed mate-SW for 23662 reads
[M::worker2@34] performed mate-SW for 23778 reads
[M::worker2@2] performed mate-SW for 25051 reads
[M::worker2@23] performed mate-SW for 24293 reads
[M::worker2@0] performed mate-SW for 23081 reads
[M::worker2@13] performed mate-SW for 23787 reads
[M::worker2@32] performed mate-SW for 23797 reads
[M::worker2@28] performed mate-SW for 25287 reads
[M::worker2@22] performed mate-SW for 25269 reads
[M::worker2@25] performed mate-SW for 23082 reads
[M::worker2@26] performed mate-SW for 22864 reads
[M::worker2@10] performed mate-SW for 24533 reads
[M::worker2@24] performed mate-SW for 23743 reads
[M::worker2@29] performed mate-SW for 23688 reads
[M::worker2@7] performed mate-SW for 25142 reads
[M::worker2@20] performed mate-SW for 25212 reads
[M::worker2@27] performed mate-SW for 23651 reads
[M::worker2@35] performed mate-SW for 23575 reads
[M::worker2@5] performed mate-SW for 26071 reads
[M::worker2@16] performed mate-SW for 25868 reads
[M::worker2@19] performed mate-SW for 24840 reads
[M::worker2@30] performed mate-SW for 25618 reads
[M::worker2@4] performed mate-SW for 25698 reads
[M::worker2@31] performed mate-SW for 24125 reads
[M::worker2@39] performed mate-SW for 24096 reads
[M::worker2@17] performed mate-SW for 24300 reads
[M::worker2@36] performed mate-SW for 24252 reads
[M::worker2@38] performed mate-SW for 22095 reads
[M::worker2@1] performed mate-SW for 25008 reads
[M::worker2@21] performed mate-SW for 25973 reads
[M::worker2@37] performed mate-SW for 25690 reads
[M::main_mem] read 2739728 sequences (400000288 bp)...
[M::mem_pestat] # candidate unique pairs for (FF, FR, RF, RR): (4999, 1189285, 54, 6414)
[M::mem_pestat] analyzing insert size distribution for orientation FF...
[M::mem_pestat] (25, 50, 75) percentile: (89, 121, 163)
[M::mem_pestat] low and high boundaries for computing mean and std.dev: (1, 311)
[M::mem_pestat] mean and std.dev: (130.12, 52.48)
[M::mem_pestat] low and high boundaries for proper pairs: (1, 385)
[M::mem_pestat] analyzing insert size distribution for orientation FR...
[M::mem_pestat] (25, 50, 75) percentile: (112, 147, 189)
[M::mem_pestat] low and high boundaries for computing mean and std.dev: (1, 343)
[M::mem_pestat] mean and std.dev: (153.33, 55.88)
[M::mem_pestat] low and high boundaries for proper pairs: (1, 420)
[M::mem_pestat] analyzing insert size distribution for orientation RF...
[M::mem_pestat] (25, 50, 75) percentile: (49, 159, 324)
[M::mem_pestat] low and high boundaries for computing mean and std.dev: (1, 874)
[M::mem_pestat] mean and std.dev: (189.40, 173.37)
[M::mem_pestat] low and high boundaries for proper pairs: (1, 1149)
[M::mem_pestat] analyzing insert size distribution for orientation RR...
[M::mem_pestat] (25, 50, 75) percentile: (94, 126, 171)
[M::mem_pestat] low and high boundaries for computing mean and std.dev: (1, 325)
[M::mem_pestat] mean and std.dev: (136.01, 54.69)
[M::mem_pestat] low and high boundaries for proper pairs: (1, 402)
[M::mem_pestat] skip orientation FF
[M::mem_pestat] skip orientation RF
[M::mem_pestat] skip orientation RR
[M::worker2@15] performed mate-SW for 24612 reads
[M::worker2@17] performed mate-SW for 24721 reads
[M::worker2@7] performed mate-SW for 22803 reads
[M::worker2@31] performed mate-SW for 23051 reads
[M::worker2@20] performed mate-SW for 23828 reads
[M::worker2@29] performed mate-SW for 22323 reads
[M::worker2@4] performed mate-SW for 24104 reads
[M::worker2@16] performed mate-SW for 23983 reads
[M::worker2@9] performed mate-SW for 24128 reads
[M::worker2@35] performed mate-SW for 23771 reads
[M::worker2@12] performed mate-SW for 25053 reads
[M::worker2@5] performed mate-SW for 24567 reads
[M::worker2@28] performed mate-SW for 23570 reads
[M::worker2@19] performed mate-SW for 24735 reads
[M::worker2@8] performed mate-SW for 24322 reads
[M::worker2@24] performed mate-SW for 23299 reads
[M::worker2@3] performed mate-SW for 24935 reads
[M::worker2@10] performed mate-SW for 22305 reads
[M::worker2@14] performed mate-SW for 25722 reads
[M::worker2@25] performed mate-SW for 24249 reads
[M::worker2@11] performed mate-SW for 25831 reads
[M::worker2@1] performed mate-SW for 24266 reads
[M::worker2@39] performed mate-SW for 23421 reads
[M::worker2@26] performed mate-SW for 24882 reads
[M::worker2@34] performed mate-SW for 25162 reads
[M::worker2@18] performed mate-SW for 25765 reads
[M::worker2@2] performed mate-SW for 25297 reads
[M::worker2@21] performed mate-SW for 24999 reads
[M::worker2@0] performed mate-SW for 25384 reads
[M::worker2@6] performed mate-SW for 26090 reads
[M::worker2@23] performed mate-SW for 26238 reads
[M::worker2@13] performed mate-SW for 25845 reads
[M::worker2@36] performed mate-SW for 24104 reads
[M::worker2@27] performed mate-SW for 24729 reads
[M::worker2@30] performed mate-SW for 25185 reads
[M::worker2@22] performed mate-SW for 27159 reads
[M::worker2@37] performed mate-SW for 25020 reads
[M::worker2@32] performed mate-SW for 26820 reads
[M::worker2@38] performed mate-SW for 25333 reads
[M::worker2@33] performed mate-SW for 26466 reads
[M::main_mem] read 940296 sequences (137283216 bp)...
[M::mem_pestat] # candidate unique pairs for (FF, FR, RF, RR): (1825, 407163, 25, 2275)
[M::mem_pestat] analyzing insert size distribution for orientation FF...
[M::mem_pestat] (25, 50, 75) percentile: (91, 123, 165)
[M::mem_pestat] low and high boundaries for computing mean and std.dev: (1, 313)
[M::mem_pestat] mean and std.dev: (130.29, 50.83)
[M::mem_pestat] low and high boundaries for proper pairs: (1, 387)
[M::mem_pestat] analyzing insert size distribution for orientation FR...
[M::mem_pestat] (25, 50, 75) percentile: (112, 146, 188)
[M::mem_pestat] low and high boundaries for computing mean and std.dev: (1, 340)
[M::mem_pestat] mean and std.dev: (152.88, 55.60)
[M::mem_pestat] low and high boundaries for proper pairs: (1, 416)
[M::mem_pestat] analyzing insert size distribution for orientation RF...
[M::mem_pestat] (25, 50, 75) percentile: (69, 243, 514)
[M::mem_pestat] low and high boundaries for computing mean and std.dev: (1, 1404)
[M::mem_pestat] mean and std.dev: (308.58, 310.25)
[M::mem_pestat] low and high boundaries for proper pairs: (1, 1849)
[M::mem_pestat] analyzing insert size distribution for orientation RR...
[M::mem_pestat] (25, 50, 75) percentile: (94, 124, 166)
[M::mem_pestat] low and high boundaries for computing mean and std.dev: (1, 310)
[M::mem_pestat] mean and std.dev: (133.48, 52.43)
[M::mem_pestat] low and high boundaries for proper pairs: (1, 382)
[M::mem_pestat] skip orientation FF
[M::mem_pestat] skip orientation RF
[M::mem_pestat] skip orientation RR
[M::worker2@1] performed mate-SW for 8192 reads
[M::worker2@10] performed mate-SW for 8809 reads
[M::worker2@4] performed mate-SW for 8730 reads
[M::worker2@15] performed mate-SW for 8572 reads
[M::worker2@14] performed mate-SW for 8615 reads
[M::worker2@18] performed mate-SW for 8356 reads
[M::worker2@8] performed mate-SW for 9239 reads
[M::worker2@2] performed mate-SW for 7976 reads
[M::worker2@3] performed mate-SW for 8712 reads
[M::worker2@6] performed mate-SW for 9929 reads
[M::worker2@12] performed mate-SW for 9805 reads
[M::worker2@0] performed mate-SW for 9056 reads
[M::worker2@7] performed mate-SW for 8466 reads
[M::worker2@16] performed mate-SW for 9745 reads
[M::worker2@11] performed mate-SW for 8421 reads
[M::worker2@17] performed mate-SW for 9683 reads
[M::worker2@5] performed mate-SW for 9042 reads
[M::worker2@21] performed mate-SW for 8498 reads
[M::worker2@20] performed mate-SW for 9433 reads
[M::worker2@9] performed mate-SW for 9299 reads
[M::worker2@13] performed mate-SW for 9296 reads
[M::worker2@23] performed mate-SW for 8771 reads
[M::worker2@19] performed mate-SW for 9146 reads
[M::worker2@24] performed mate-SW for 7830 reads
[M::worker2@22] performed mate-SW for 8726 reads
[M::worker2@28] performed mate-SW for 8653 reads
[M::worker2@31] performed mate-SW for 8791 reads
[M::worker2@26] performed mate-SW for 8881 reads
[M::worker2@33] performed mate-SW for 8561 reads
[M::worker2@27] performed mate-SW for 8896 reads
[M::worker2@29] performed mate-SW for 9278 reads
[M::worker2@25] performed mate-SW for 11064 reads
[M::worker2@32] performed mate-SW for 8439 reads
[M::worker2@39] performed mate-SW for 7622 reads
[M::worker2@38] performed mate-SW for 8325 reads
[M::worker2@34] performed mate-SW for 9538 reads
[M::worker2@36] performed mate-SW for 9455 reads
[M::worker2@35] performed mate-SW for 9398 reads
[M::worker2@30] performed mate-SW for 10413 reads
[M::worker2@37] performed mate-SW for 8378 reads
[main] Version: 0.7.5a-r405
[main] CMD: bwa mem -t 40 /medstore/External_References/hg19/Homo_sapiens_sequence_hg19.fasta /tmp/tobiastmp/outtest5/C6280_S7_R1.fastq.gz /tmp/tobiastmp/outtest5/C6280_S7_R2.fastq.gz
[main] Real time: 316.782 sec; CPU: 6882.841 sec

real	5m17.048s
user	123m40.545s
sys	4m39.360s
[bam_sort_core] merging from 0 files and 40 in-memory blocks...
